2019-11-15 09:02:57.100  INFO 10836 --- [main] lavalink.server.Launcher                 : 

[32m       .  [31m _                  _ _       _    [32m__ _ _
[32m      /\\ [31m| | __ ___   ____ _| (_)_ __ | | __[32m\ \ \ \
[32m     ( ( )[31m| |/ _` \ \ / / _` | | | '_ \| |/ /[32m \ \ \ \
[32m      \\/ [31m| | (_| |\ V / (_| | | | | | |   < [32m  ) ) ) )
[32m       '  [31m|_|\__,_| \_/ \__,_|_|_|_| |_|_|\_\[32m / / / /
[0m    =========================================[32m/_/_/_/[0m

	Version:        c314f4db6018a2984c94091aaaf6b72d6652d9e3-SNAPSHOT
	Build:          900
	Build time:     19.10.2019 20:50:43 UTC
	Branch          master
	Commit:         c314f4d
	Commit time:    19.10.2019 20:47:04 UTC
	JVM:            13.0.1
	Lavaplayer      1.3.22

2019-11-15 09:02:57.189  INFO 10836 --- [main] lavalink.server.Launcher                 : Starting Launcher on DESKTOP-815IEFV with PID 10836 (D:\Coding\ButlerBot\Lavalink.jar started by bmfel in D:\Coding\ButlerBot)
2019-11-15 09:02:57.190  INFO 10836 --- [main] lavalink.server.Launcher                 : No active profile set, falling back to default profiles: default
2019-11-15 09:02:57.219  WARN 10836 --- [background-preinit] o.s.h.c.j.Jackson2ObjectMapperBuilder    : For Jackson Kotlin classes support please add "com.fasterxml.jackson.module:jackson-module-kotlin" to the classpath
2019-11-15 09:02:58.298  WARN 10836 --- [main] io.undertow.websockets.jsr               : UT026010: Buffer pool was not set on WebSocketDeploymentInfo, the default pool will be used
2019-11-15 09:02:58.319  INFO 10836 --- [main] io.undertow.servlet                      : Initializing Spring embedded WebApplicationContext
2019-11-15 09:02:58.320  INFO 10836 --- [main] o.s.web.context.ContextLoader            : Root WebApplicationContext: initialization completed in 1088 ms
2019-11-15 09:02:58.396  WARN 10836 --- [main] l.server.config.SentryConfiguration      : Turning off sentry
2019-11-15 09:02:58.400  INFO 10836 --- [main] l.s.c.AudioSendFactoryConfiguration      : OS: Windows 10, Arch: amd64
2019-11-15 09:02:58.400  INFO 10836 --- [main] l.s.c.AudioSendFactoryConfiguration      : JDA-NAS supported system detected. Enabled native audio sending.
2019-11-15 09:02:58.400  INFO 10836 --- [main] l.s.c.AudioSendFactoryConfiguration      : Setting buffer to 400ms
2019-11-15 09:02:58.400  INFO 10836 --- [main] l.s.c.AudioSendFactoryConfiguration      : Setting playlist load limit to 6
2019-11-15 09:02:58.829  INFO 10836 --- [main] c.s.d.l.tools.GarbageCollectionMonitor   : GC monitoring enabled, reporting results every 2 minutes.
2019-11-15 09:02:59.179  INFO 10836 --- [main] o.s.s.concurrent.ThreadPoolTaskExecutor  : Initializing ExecutorService 'applicationTaskExecutor'
2019-11-15 09:02:59.437  INFO 10836 --- [main] org.xnio                                 : XNIO version 3.3.8.Final
2019-11-15 09:02:59.447  INFO 10836 --- [main] org.xnio.nio                             : XNIO NIO Implementation Version 3.3.8.Final
2019-11-15 09:02:59.613  INFO 10836 --- [main] o.s.b.w.e.u.UndertowServletWebServer     : Undertow started on port(s) 2333 (http) with context path ''
2019-11-15 09:02:59.618  INFO 10836 --- [main] lavalink.server.Launcher                 : Started Launcher in 2.981 seconds (JVM running for 3.434)
2019-11-15 09:03:35.371  INFO 10836 --- [XNIO-1 task-1] io.undertow.servlet                      : Initializing Spring DispatcherServlet 'dispatcherServlet'
2019-11-15 09:03:35.372  INFO 10836 --- [XNIO-1 task-1] o.s.web.servlet.DispatcherServlet        : Initializing Servlet 'dispatcherServlet'
2019-11-15 09:03:35.377  INFO 10836 --- [XNIO-1 task-1] o.s.web.servlet.DispatcherServlet        : Completed initialization in 5 ms
2019-11-15 09:03:35.395  INFO 10836 --- [XNIO-1 task-1] l.server.io.HandshakeInterceptorImpl     : Incoming connection from /127.0.0.1:53089
2019-11-15 09:03:35.452  INFO 10836 --- [XNIO-1 task-1] c.s.d.l.tools.GarbageCollectionMonitor   : GC monitoring enabled, reporting results every 2 minutes.
2019-11-15 09:03:35.510  INFO 10836 --- [XNIO-1 task-1] lavalink.server.io.SocketServer          : Connection successfully established from /127.0.0.1:53089
2019-11-15 09:04:03.267  INFO 10836 --- [XNIO-1 I/O-5] lavalink.server.io.SocketServer          : {"sessionId":"4bd3b40a7505a055869bf67813ad7405","event":{"token":"e2cce7d229ee9c30","guildid":"502919925787262997","endpoint":"southafrica315.discord.media:80"},"guildId":"502919925787262997","op":"voiceUpdate"}
2019-11-15 09:04:19.318  INFO 10836 --- [XNIO-1 task-2] l.server.player.AudioLoaderRestHandler   : GET /loadtracks
2019-11-15 09:04:20.443  INFO 10836 --- [lava-daemon-pool-info-loader-2-thread-1] lavalink.server.player.AudioLoader       : Loaded playlist Search results for: we are the champions
2019-11-15 09:04:20.482  INFO 10836 --- [XNIO-1 I/O-5] lavalink.server.io.SocketServer          : {"track":"QAAAlQIALVF1ZWVuIC0gV2UgQXJlIFRoZSBDaGFtcGlvbnMgKE9mZmljaWFsIFZpZGVvKQAOUXVlZW4gT2ZmaWNpYWwAAAAAAALqGAALMDQ4NTRYcWNmQ1kAAQAraHR0cHM6Ly93d3cueW91dHViZS5jb20vd2F0Y2g/dj0wNDg1NFhxY2ZDWQAHeW91dHViZQAAAAAAAAAA","startTime":0,"endTime":0,"noReplace":false,"guildId":"502919925787262997","op":"play"}
2019-11-15 09:05:03.047  INFO 10836 --- [XNIO-1 I/O-5] lavalink.server.io.SocketServer          : {"volume":50,"guildId":"502919925787262997","op":"volume"}
2019-11-15 09:05:03.088  INFO 10836 --- [lava-daemon-pool-playback-5-thread-1] c.s.l.c.natives.NativeLibraryLoader      : Native library libmpg123-0: loading with filter com.sedmelluq.discord.lavaplayer.natives.ConnectorNativeLibLoader$$Lambda$644/0x0000000801226440@39fd7735
2019-11-15 09:05:03.126  INFO 10836 --- [lava-daemon-pool-playback-5-thread-1] c.s.l.c.natives.NativeLibraryLoader      : Native library libmpg123-0: successfully loaded.
2019-11-15 09:05:03.126  INFO 10836 --- [lava-daemon-pool-playback-5-thread-1] c.s.l.c.natives.NativeLibraryLoader      : Native library connector: loading with filter null
2019-11-15 09:05:03.283  INFO 10836 --- [lava-daemon-pool-playback-5-thread-1] c.s.l.c.natives.NativeLibraryLoader      : Native library connector: successfully loaded.
2019-11-15 09:08:17.300  INFO 10836 --- [XNIO-1 task-4] l.server.player.AudioLoaderRestHandler   : GET /loadtracks
2019-11-15 09:08:18.092  INFO 10836 --- [lava-daemon-pool-info-loader-2-thread-1] lavalink.server.player.AudioLoader       : Loaded playlist Search results for: deja vu
2019-11-15 09:08:18.100  INFO 10836 --- [XNIO-1 I/O-5] lavalink.server.io.SocketServer          : {"track":"QAAAcAIADkogQ29sZSBEZWphIFZ1AAhQcmluenogQwAAAAAAA/O4AAtvaWdjUnBCT29aawABACtodHRwczovL3d3dy55b3V0dWJlLmNvbS93YXRjaD92PW9pZ2NScEJPb1prAAd5b3V0dWJlAAAAAAAAAAA=","startTime":0,"endTime":0,"noReplace":false,"guildId":"502919925787262997","op":"play"}
2019-11-15 09:08:44.412  INFO 10836 --- [XNIO-1 I/O-5] lavalink.server.io.SocketServer          : {"guildId":"502919925787262997","op":"destroy"}
2019-11-15 09:09:47.930  INFO 10836 --- [XNIO-1 I/O-5] lavalink.server.io.SocketServer          : Connection closed from /127.0.0.1:53089 -- CloseStatus[code=1006, reason=]
2019-11-15 09:09:47.930  INFO 10836 --- [XNIO-1 I/O-5] lavalink.server.io.SocketContext         : Shutting down 0 playing players.
2019-11-15 09:09:47.931  INFO 10836 --- [XNIO-1 I/O-5] c.s.d.l.tools.GarbageCollectionMonitor   : GC monitoring disabled.
2019-11-15 09:15:06.714  INFO 10836 --- [XNIO-1 task-6] l.server.io.HandshakeInterceptorImpl     : Incoming connection from /127.0.0.1:54171
2019-11-15 09:15:06.718  INFO 10836 --- [XNIO-1 task-6] c.s.d.l.tools.GarbageCollectionMonitor   : GC monitoring enabled, reporting results every 2 minutes.
2019-11-15 09:15:06.722  INFO 10836 --- [XNIO-1 task-6] lavalink.server.io.SocketServer          : Connection successfully established from /127.0.0.1:54171
2019-11-15 09:15:19.319  INFO 10836 --- [XNIO-1 I/O-7] lavalink.server.io.SocketServer          : Connection closed from /127.0.0.1:54171 -- CloseStatus[code=1006, reason=]
2019-11-15 09:15:19.319  INFO 10836 --- [XNIO-1 I/O-7] lavalink.server.io.SocketContext         : Shutting down 0 playing players.
2019-11-15 09:15:19.320  INFO 10836 --- [XNIO-1 I/O-7] c.s.d.l.tools.GarbageCollectionMonitor   : GC monitoring disabled.
2019-11-15 09:15:27.103  INFO 10836 --- [XNIO-1 task-7] l.server.io.HandshakeInterceptorImpl     : Incoming connection from /127.0.0.1:54215
2019-11-15 09:15:27.106  INFO 10836 --- [XNIO-1 task-7] c.s.d.l.tools.GarbageCollectionMonitor   : GC monitoring enabled, reporting results every 2 minutes.
2019-11-15 09:15:27.111  INFO 10836 --- [XNIO-1 task-7] lavalink.server.io.SocketServer          : Connection successfully established from /127.0.0.1:54215
2019-11-15 09:15:30.823  INFO 10836 --- [XNIO-1 I/O-3] lavalink.server.io.SocketServer          : Connection closed from /127.0.0.1:54215 -- CloseStatus[code=1006, reason=]
2019-11-15 09:15:30.823  INFO 10836 --- [XNIO-1 I/O-3] lavalink.server.io.SocketContext         : Shutting down 0 playing players.
2019-11-15 09:15:30.824  INFO 10836 --- [XNIO-1 I/O-3] c.s.d.l.tools.GarbageCollectionMonitor   : GC monitoring disabled.
2019-11-15 09:15:43.894  INFO 10836 --- [XNIO-1 task-8] l.server.io.HandshakeInterceptorImpl     : Incoming connection from /127.0.0.1:54251
2019-11-15 09:15:43.897  INFO 10836 --- [XNIO-1 task-8] c.s.d.l.tools.GarbageCollectionMonitor   : GC monitoring enabled, reporting results every 2 minutes.
2019-11-15 09:15:43.901  INFO 10836 --- [XNIO-1 task-8] lavalink.server.io.SocketServer          : Connection successfully established from /127.0.0.1:54251
2019-11-15 09:16:01.546  INFO 10836 --- [XNIO-1 I/O-7] lavalink.server.io.SocketServer          : Connection closed from /127.0.0.1:54251 -- CloseStatus[code=1006, reason=]
2019-11-15 09:16:01.547  INFO 10836 --- [XNIO-1 I/O-7] lavalink.server.io.SocketContext         : Shutting down 0 playing players.
2019-11-15 09:16:01.547  INFO 10836 --- [XNIO-1 I/O-7] c.s.d.l.tools.GarbageCollectionMonitor   : GC monitoring disabled.
